2025-05-14 09:34:01,627 [INFO] Activator:176 - 


2025-05-14 09:34:01,632 [INFO] Activator:177 - !SESSION log4j initialized
2025-05-14 09:34:06,401 [INFO] LogOutputStream:77 - [STDOUT_REDIRECT] 
2025-05-14 09:34:07,973 [INFO] ApplicationProperties:184 - Using Application install path: C:\ST\STM32CubeIDE_1.17.0\STM32CubeIDE\plugins\com.st.stm32cube.common.mx_6.13.0.202411220809
2025-05-14 09:34:07,986 [INFO] DbMcusXml:78 - Set database path to: C:\ST\STM32CubeIDE_1.17.0\STM32CubeIDE\plugins\com.st.stm32cube.common.mx_6.13.0.202411220809\\db\/mcu/
2025-05-14 09:34:07,986 [INFO] ApiDb:274 - Set plugin database path to: C:\ST\STM32CubeIDE_1.17.0\STM32CubeIDE\plugins\com.st.stm32cube.common.mx_6.13.0.202411220809\\db\/plugins/boardmanager/
2025-05-14 09:34:07,987 [WARN] ApiDb:259 - Overriding images path with different value:  => C:\ST\STM32CubeIDE_1.17.0\STM32CubeIDE\plugins\com.st.stm32cube.common.mx_6.13.0.202411220809\\db\/plugins/mcufinder/images/
2025-05-14 09:34:08,000 [INFO] ApiDb:250 - Set database path to: C:\Users\Mohamad\.stmcufinder\plugins\mcufinder//mcu/
2025-05-14 09:34:08,001 [INFO] DbMcusAds:125 - Set database path to: C:\Users\Mohamad\.stmcufinder\plugins\mcufinder//mcu/
2025-05-14 09:34:08,003 [INFO] CrossReferenceDbSqlite:203 - Set database path to: C:\Users\Mohamad\.stmcufinder\plugins\mcufinder//mcu/cs/
2025-05-14 09:34:08,094 [INFO] RulesReader:64 - Compatibility file has been processed (297 Rules)
2025-05-14 09:34:08,155 [INFO] DbMcusXml:78 - Set database path to: C:\ST\STM32CubeIDE_1.17.0\STM32CubeIDE\plugins\com.st.stm32cube.common.mx_6.13.0.202411220809\\db\/mcu/
2025-05-14 09:34:08,155 [INFO] ApiDb:274 - Set plugin database path to: C:\ST\STM32CubeIDE_1.17.0\STM32CubeIDE\plugins\com.st.stm32cube.common.mx_6.13.0.202411220809\\db\/plugins/boardmanager/
2025-05-14 09:34:08,155 [INFO] ApiDb:261 - Set plugin images path to: C:\ST\STM32CubeIDE_1.17.0\STM32CubeIDE\plugins\com.st.stm32cube.common.mx_6.13.0.202411220809\\db\/plugins/mcufinder/images/
2025-05-14 09:34:08,155 [WARN] DbFile:41 - Overriding database path with different value: C:\Users\Mohamad\.stmcufinder\plugins\mcufinder/ => C:\Users\Mohamad\.stmcufinder\plugins\mcufinder
2025-05-14 09:34:08,155 [INFO] ApiDb:250 - Set database path to: C:\Users\Mohamad\.stmcufinder\plugins\mcufinder//mcu/
2025-05-14 09:34:08,155 [WARN] DbFile:41 - Overriding database path with different value: C:\Users\Mohamad\.stmcufinder\plugins\mcufinder/ => C:\Users\Mohamad\.stmcufinder\plugins\mcufinder
2025-05-14 09:34:08,155 [INFO] DbMcusAds:125 - Set database path to: C:\Users\Mohamad\.stmcufinder\plugins\mcufinder//mcu/
2025-05-14 09:34:08,155 [WARN] DbFile:41 - Overriding database path with different value: C:\Users\Mohamad\.stmcufinder\plugins\mcufinder/ => C:\Users\Mohamad\.stmcufinder\plugins\mcufinder
2025-05-14 09:34:08,155 [WARN] DbFile:41 - Overriding database path with different value: C:\Users\Mohamad\.stmcufinder\plugins\mcufinder/ => C:\Users\Mohamad\.stmcufinder\plugins\mcufinder
2025-05-14 09:34:08,155 [INFO] CrossReferenceDbSqlite:203 - Set database path to: C:\Users\Mohamad\.stmcufinder\plugins\mcufinder//mcu/cs/
2025-05-14 09:34:08,211 [INFO] MainPanel:272 - HeapMemory: 268435456
2025-05-14 09:34:08,308 [INFO] DbMcusXml:78 - Set database path to: C:\ST\STM32CubeIDE_1.17.0\STM32CubeIDE\plugins\com.st.stm32cube.common.mx_6.13.0.202411220809\\db\/mcu/
2025-05-14 09:34:08,308 [INFO] ApiDb:274 - Set plugin database path to: C:\ST\STM32CubeIDE_1.17.0\STM32CubeIDE\plugins\com.st.stm32cube.common.mx_6.13.0.202411220809\\db\/plugins/boardmanager/
2025-05-14 09:34:08,308 [INFO] ApiDb:261 - Set plugin images path to: C:\ST\STM32CubeIDE_1.17.0\STM32CubeIDE\plugins\com.st.stm32cube.common.mx_6.13.0.202411220809\\db\/plugins/mcufinder/images/
2025-05-14 09:34:08,308 [WARN] DbFile:41 - Overriding database path with different value: C:\Users\Mohamad\.stmcufinder\plugins\mcufinder/ => C:\Users\Mohamad\.stmcufinder\plugins\mcufinder
2025-05-14 09:34:08,308 [INFO] ApiDb:250 - Set database path to: C:\Users\Mohamad\.stmcufinder\plugins\mcufinder//mcu/
2025-05-14 09:34:08,308 [WARN] DbFile:41 - Overriding database path with different value: C:\Users\Mohamad\.stmcufinder\plugins\mcufinder/ => C:\Users\Mohamad\.stmcufinder\plugins\mcufinder
2025-05-14 09:34:08,308 [INFO] DbMcusAds:125 - Set database path to: C:\Users\Mohamad\.stmcufinder\plugins\mcufinder//mcu/
2025-05-14 09:34:08,308 [WARN] DbFile:41 - Overriding database path with different value: C:\Users\Mohamad\.stmcufinder\plugins\mcufinder/ => C:\Users\Mohamad\.stmcufinder\plugins\mcufinder
2025-05-14 09:34:08,308 [WARN] DbFile:41 - Overriding database path with different value: C:\Users\Mohamad\.stmcufinder\plugins\mcufinder/ => C:\Users\Mohamad\.stmcufinder\plugins\mcufinder
2025-05-14 09:34:08,308 [INFO] CrossReferenceDbSqlite:203 - Set database path to: C:\Users\Mohamad\.stmcufinder\plugins\mcufinder//mcu/cs/
2025-05-14 09:34:08,322 [INFO] ApplicationProperties:184 - Using Application install path: C:\ST\STM32CubeIDE_1.17.0\STM32CubeIDE\plugins\com.st.stm32cube.common.mx_6.13.0.202411220809
2025-05-14 09:34:08,323 [INFO] PluginManage:196 - Search for loadable plugins [exclusion list=, ]
2025-05-14 09:34:08,324 [INFO] PluginManage:310 - Check plugin analytics
2025-05-14 09:34:08,432 [INFO] AnalyticsPlugin:253 - Accepted Software Licenses: STM32CubeMX.6.13.0
2025-05-14 09:34:08,433 [INFO] AnalyticsPlugin:255 - Accepted CMSIS Pack Licenses: 
2025-05-14 09:34:08,433 [INFO] AnalyticsPlugin:257 - Accepted Firmware Licenses: FW.F4.1.28.0,FW.H7.1.12.0,FW.F4.1.27.0
2025-05-14 09:34:08,435 [INFO] PluginManage:359 - Loaded plugin analytics (category:tool,tabindex:-1)
2025-05-14 09:34:08,435 [INFO] PluginManage:310 - Check plugin cadmodel
2025-05-14 09:34:08,453 [INFO] CADModel:105 - Init CAD model plugin
2025-05-14 09:34:08,453 [INFO] PluginManage:359 - Loaded plugin cadmodel (category:power,tabindex:5)
2025-05-14 09:34:08,453 [INFO] PluginManage:310 - Check plugin clock
2025-05-14 09:34:08,472 [INFO] PluginManage:359 - Loaded plugin clock (category:base,tabindex:2)
2025-05-14 09:34:08,472 [INFO] PluginManage:310 - Check plugin ddr
2025-05-14 09:34:08,474 [INFO] PluginManage:359 - Loaded plugin ddr (category:tool,tabindex:6)
2025-05-14 09:34:08,474 [INFO] PluginManage:310 - Check plugin filemanager
2025-05-14 09:34:08,588 [INFO] PluginManage:359 - Loaded plugin filemanager (category:base,tabindex:10)
2025-05-14 09:34:08,588 [INFO] PluginManage:310 - Check plugin ipmanager
2025-05-14 09:34:08,593 [INFO] PluginManage:359 - Loaded plugin ipmanager (category:base,tabindex:5)
2025-05-14 09:34:08,593 [INFO] PluginManage:310 - Check plugin lpbam
2025-05-14 09:34:08,611 [INFO] PluginManage:359 - Loaded plugin lpbam (category:base,tabindex:0)
2025-05-14 09:34:08,611 [INFO] PluginManage:310 - Check plugin memorymap
2025-05-14 09:34:08,634 [INFO] PluginManage:359 - Loaded plugin memorymap (category:base,tabindex:4)
2025-05-14 09:34:08,634 [INFO] PluginManage:310 - Check plugin pinoutandconfiguration
2025-05-14 09:34:08,652 [INFO] PluginManage:359 - Loaded plugin pinoutandconfiguration (category:base,tabindex:1)
2025-05-14 09:34:08,652 [INFO] PluginManage:310 - Check plugin pinoutconfig
2025-05-14 09:34:08,726 [WARN] SupportedApi:132 - Cannot load RTOS API schema: s4s-elt-must-match.1: The content of 'definitions' must match (annotation?, (simpleType | complexType)?, (unique | key | keyref)*)). A problem was found starting at: attribute.
2025-05-14 09:34:08,820 [INFO] PluginManage:359 - Loaded plugin pinoutconfig (category:base,tabindex:0)
2025-05-14 09:34:08,821 [INFO] PluginManage:310 - Check plugin power
2025-05-14 09:34:08,841 [INFO] PluginManage:359 - Loaded plugin power (category:power,tabindex:4)
2025-05-14 09:34:08,841 [INFO] PluginManage:310 - Check plugin projectmanager
2025-05-14 09:34:08,854 [INFO] PluginManage:359 - Loaded plugin projectmanager (category:projectmanager,tabindex:4)
2025-05-14 09:34:08,854 [INFO] PluginManage:310 - Check plugin rif
2025-05-14 09:34:08,873 [INFO] PluginManage:359 - Loaded plugin rif (category:base,tabindex:3)
2025-05-14 09:34:08,873 [INFO] PluginManage:310 - Check plugin thirdparty
2025-05-14 09:34:09,132 [INFO] PluginManage:359 - Loaded plugin thirdparty (category:base,tabindex:-1)
2025-05-14 09:34:09,132 [WARN] IntegrityCheckThread:84 - waiting for thirdparty lock release [integrity check]
2025-05-14 09:34:09,133 [INFO] IntegrityCheckThread:86 - entering critical section [integrity check]
2025-05-14 09:34:09,133 [INFO] PluginManage:310 - Check plugin tools
2025-05-14 09:34:09,133 [INFO] ThirdPartyUpdaterWithRetryManager:70 - Updater plugin not ready yet. [1/15]
2025-05-14 09:34:09,172 [INFO] PluginManage:359 - Loaded plugin tools (category:base,tabindex:7)
2025-05-14 09:34:09,172 [INFO] PluginManage:310 - Check plugin tutovideos
2025-05-14 09:34:09,330 [INFO] PluginManage:359 - Loaded plugin tutovideos (category:base,tabindex:-1)
2025-05-14 09:34:09,331 [INFO] PluginManage:310 - Check plugin updater
2025-05-14 09:34:09,346 [INFO] PluginManage:359 - Loaded plugin updater (category:base,tabindex:12)
2025-05-14 09:34:09,346 [INFO] PluginManage:310 - Check plugin userauth
2025-05-14 09:34:09,351 [INFO] UserAuth:118 - Init User Auth plugin
2025-05-14 09:34:09,351 [INFO] PluginManage:359 - Loaded plugin userauth (category:base,tabindex:14)
2025-05-14 09:34:09,352 [INFO] PluginManage:283 - PluginManage : Loaded plugins [18]
2025-05-14 09:34:09,509 [INFO] PinOutPanel:1589 - setPackage(No Configuration,No Configuration)
2025-05-14 09:34:09,572 [INFO] CADModel:165 - CPN selected for project level
2025-05-14 09:34:09,572 [INFO] CADModel:114 - Register for checkConnection events
2025-05-14 09:34:09,599 [INFO] IPUIPlugin:80 - create IPUIPlugin
2025-05-14 09:34:09,600 [INFO] PluginManager:220 - loadIPPluginJar : add adc
2025-05-14 09:34:09,639 [INFO] IPUIPlugin:80 - create IPUIPlugin
2025-05-14 09:34:09,639 [INFO] PluginManager:220 - loadIPPluginJar : add aes
2025-05-14 09:34:09,680 [INFO] IPUIPlugin:80 - create IPUIPlugin
2025-05-14 09:34:09,681 [INFO] PluginManager:220 - loadIPPluginJar : add can
2025-05-14 09:34:09,706 [INFO] IPUIPlugin:80 - create IPUIPlugin
2025-05-14 09:34:09,707 [INFO] PluginManager:220 - loadIPPluginJar : add comp
2025-05-14 09:34:09,740 [INFO] IPUIPlugin:80 - create IPUIPlugin
2025-05-14 09:34:09,740 [INFO] PluginManager:220 - loadIPPluginJar : add cryp
2025-05-14 09:34:09,753 [INFO] IPUIPlugin:80 - create IPUIPlugin
2025-05-14 09:34:09,753 [INFO] PluginManager:220 - loadIPPluginJar : add ddr_ctrl_phy
2025-05-14 09:34:09,789 [INFO] IPUIPlugin:80 - create IPUIPlugin
2025-05-14 09:34:09,790 [INFO] PluginManager:220 - loadIPPluginJar : add dfsdm
2025-05-14 09:34:09,804 [INFO] IPUIPlugin:80 - create IPUIPlugin
2025-05-14 09:34:09,805 [INFO] PluginManager:220 - loadIPPluginJar : add dma
2025-05-14 09:34:09,843 [INFO] IPUIPlugin:80 - create IPUIPlugin
2025-05-14 09:34:09,843 [INFO] PluginManager:220 - loadIPPluginJar : add dma3
2025-05-14 09:34:09,888 [INFO] IPUIPlugin:80 - create IPUIPlugin
2025-05-14 09:34:09,888 [INFO] PluginManager:220 - loadIPPluginJar : add extmemmanager
2025-05-14 09:34:09,910 [INFO] IPUIPlugin:80 - create IPUIPlugin
2025-05-14 09:34:09,910 [INFO] PluginManager:220 - loadIPPluginJar : add fatfs
2025-05-14 09:34:09,964 [INFO] IPUIPlugin:80 - create IPUIPlugin
2025-05-14 09:34:09,965 [INFO] PluginManager:220 - loadIPPluginJar : add fmc
2025-05-14 09:34:09,981 [INFO] IPUIPlugin:80 - create IPUIPlugin
2025-05-14 09:34:09,982 [INFO] PluginManager:220 - loadIPPluginJar : add freertos
2025-05-14 09:34:10,004 [INFO] IPUIPlugin:80 - create IPUIPlugin
2025-05-14 09:34:10,005 [INFO] PluginManager:220 - loadIPPluginJar : add genericplugin
2025-05-14 09:34:10,087 [INFO] IPUIPlugin:80 - create IPUIPlugin
2025-05-14 09:34:10,087 [INFO] PluginManager:220 - loadIPPluginJar : add gfxmmu
2025-05-14 09:34:10,217 [INFO] IPUIPlugin:80 - create IPUIPlugin
2025-05-14 09:34:10,217 [INFO] PluginManager:220 - loadIPPluginJar : add gic
2025-05-14 09:34:10,235 [INFO] IPUIPlugin:80 - create IPUIPlugin
2025-05-14 09:34:10,235 [INFO] PluginManager:220 - loadIPPluginJar : add gpio
2025-05-14 09:34:10,318 [INFO] IPUIPlugin:80 - create IPUIPlugin
2025-05-14 09:34:10,318 [INFO] PluginManager:220 - loadIPPluginJar : add gtzc
2025-05-14 09:34:10,359 [INFO] IPUIPlugin:80 - create IPUIPlugin
2025-05-14 09:34:10,360 [INFO] PluginManager:220 - loadIPPluginJar : add hash
2025-05-14 09:34:10,449 [INFO] IPUIPlugin:80 - create IPUIPlugin
2025-05-14 09:34:10,449 [INFO] PluginManager:220 - loadIPPluginJar : add i2c
2025-05-14 09:34:10,502 [INFO] IPUIPlugin:80 - create IPUIPlugin
2025-05-14 09:34:10,502 [INFO] PluginManager:220 - loadIPPluginJar : add i2s
2025-05-14 09:34:10,544 [INFO] IPUIPlugin:80 - create IPUIPlugin
2025-05-14 09:34:10,544 [INFO] PluginManager:220 - loadIPPluginJar : add i3c
2025-05-14 09:34:10,647 [INFO] IPUIPlugin:80 - create IPUIPlugin
2025-05-14 09:34:10,647 [INFO] PluginManager:220 - loadIPPluginJar : add ipddr
2025-05-14 09:34:10,733 [INFO] IPUIPlugin:80 - create IPUIPlugin
2025-05-14 09:34:10,734 [INFO] PluginManager:220 - loadIPPluginJar : add linkedlist
2025-05-14 09:34:10,775 [INFO] IPUIPlugin:80 - create IPUIPlugin
2025-05-14 09:34:10,775 [INFO] PluginManager:220 - loadIPPluginJar : add lorawan
2025-05-14 09:34:10,811 [INFO] IPUIPlugin:80 - create IPUIPlugin
2025-05-14 09:34:10,811 [INFO] PluginManager:220 - loadIPPluginJar : add ltdc
2025-05-14 09:34:10,826 [INFO] IPUIPlugin:80 - create IPUIPlugin
2025-05-14 09:34:10,827 [INFO] PluginManager:220 - loadIPPluginJar : add mdma
2025-05-14 09:34:10,840 [INFO] IPUIPlugin:80 - create IPUIPlugin
2025-05-14 09:34:10,840 [INFO] PluginManager:220 - loadIPPluginJar : add nvic
2025-05-14 09:34:10,875 [INFO] IPUIPlugin:80 - create IPUIPlugin
2025-05-14 09:34:10,876 [INFO] PluginManager:220 - loadIPPluginJar : add opamp
2025-05-14 09:34:10,938 [INFO] IPUIPlugin:80 - create IPUIPlugin
2025-05-14 09:34:10,938 [INFO] PluginManager:220 - loadIPPluginJar : add openamp
2025-05-14 09:34:10,983 [INFO] IPUIPlugin:80 - create IPUIPlugin
2025-05-14 09:34:10,983 [INFO] PluginManager:220 - loadIPPluginJar : add pdm2pcm
2025-05-14 09:34:10,998 [INFO] IPUIPlugin:80 - create IPUIPlugin
2025-05-14 09:34:11,000 [INFO] PluginManager:220 - loadIPPluginJar : add plateformsettings
2025-05-14 09:34:11,025 [INFO] IPUIPlugin:80 - create IPUIPlugin
2025-05-14 09:34:11,025 [INFO] PluginManager:220 - loadIPPluginJar : add quadspi
2025-05-14 09:34:11,053 [INFO] IPUIPlugin:80 - create IPUIPlugin
2025-05-14 09:34:11,054 [INFO] PluginManager:220 - loadIPPluginJar : add radio
2025-05-14 09:34:11,067 [INFO] IPUIPlugin:80 - create IPUIPlugin
2025-05-14 09:34:11,067 [INFO] PluginManager:220 - loadIPPluginJar : add resmgrutility
2025-05-14 09:34:11,114 [INFO] IPUIPlugin:80 - create IPUIPlugin
2025-05-14 09:34:11,114 [INFO] PluginManager:220 - loadIPPluginJar : add sai
2025-05-14 09:34:11,151 [INFO] IPUIPlugin:80 - create IPUIPlugin
2025-05-14 09:34:11,151 [INFO] PluginManager:220 - loadIPPluginJar : add spi
2025-05-14 09:34:11,215 [INFO] IPUIPlugin:80 - create IPUIPlugin
2025-05-14 09:34:11,215 [INFO] PluginManager:220 - loadIPPluginJar : add stm32_wpan
2025-05-14 09:34:11,251 [INFO] IPUIPlugin:80 - create IPUIPlugin
2025-05-14 09:34:11,251 [INFO] PluginManager:220 - loadIPPluginJar : add tim
2025-05-14 09:34:11,314 [INFO] IPUIPlugin:80 - create IPUIPlugin
2025-05-14 09:34:11,314 [INFO] PluginManager:220 - loadIPPluginJar : add touchsensing
2025-05-14 09:34:11,341 [INFO] IPUIPlugin:80 - create IPUIPlugin
2025-05-14 09:34:11,341 [INFO] PluginManager:220 - loadIPPluginJar : add tracer_emb
2025-05-14 09:34:11,368 [INFO] IPUIPlugin:80 - create IPUIPlugin
2025-05-14 09:34:11,368 [INFO] PluginManager:220 - loadIPPluginJar : add ts
2025-05-14 09:34:11,398 [INFO] IPUIPlugin:80 - create IPUIPlugin
2025-05-14 09:34:11,398 [INFO] PluginManager:220 - loadIPPluginJar : add tsc
2025-05-14 09:34:11,431 [INFO] IPUIPlugin:80 - create IPUIPlugin
2025-05-14 09:34:11,431 [INFO] PluginManager:220 - loadIPPluginJar : add ucpd
2025-05-14 09:34:11,477 [INFO] IPUIPlugin:80 - create IPUIPlugin
2025-05-14 09:34:11,477 [INFO] PluginManager:220 - loadIPPluginJar : add usart
2025-05-14 09:34:11,522 [INFO] IPUIPlugin:80 - create IPUIPlugin
2025-05-14 09:34:11,523 [INFO] PluginManager:220 - loadIPPluginJar : add usbx
2025-05-14 09:34:11,631 [FATAL] Updater:351 - Updater called before beeing initialized
2025-05-14 09:34:11,650 [INFO] RulesReader:64 - Compatibility file has been processed (297 Rules)
2025-05-14 09:34:11,658 [INFO] RulesReader:64 - Compatibility file has been processed (297 Rules)
2025-05-14 09:34:11,664 [INFO] CADModel:165 - CPN selected for project level
2025-05-14 09:34:11,664 [INFO] CADModel:114 - Register for checkConnection events
2025-05-14 09:34:11,664 [FATAL] Updater:351 - Updater called before beeing initialized
2025-05-14 09:34:11,664 [ERROR] CADModel:125 - Updater not yet initialized, retry later 
2025-05-14 09:34:11,771 [FATAL] Updater:351 - Updater called before beeing initialized
2025-05-14 09:34:11,772 [INFO] CADModel:165 - CPN selected for project level
2025-05-14 09:34:11,772 [INFO] CADModel:114 - Register for checkConnection events
2025-05-14 09:34:11,772 [FATAL] Updater:351 - Updater called before beeing initialized
2025-05-14 09:34:11,773 [ERROR] CADModel:125 - Updater not yet initialized, retry later 
2025-05-14 09:34:11,775 [FATAL] Updater:351 - Updater called before beeing initialized
2025-05-14 09:34:11,854 [FATAL] Updater:351 - Updater called before beeing initialized
2025-05-14 09:34:11,867 [INFO] DbMcusAds:53 - JSON generation date=Wed May 07 13:07:55 GST 2025 (1746608875513)
2025-05-14 09:34:11,867 [FATAL] Updater:351 - Updater called before beeing initialized
2025-05-14 09:34:11,898 [WARN] DetailPanel:346 - Failed to get advertising image, set to default
2025-05-14 09:34:12,069 [FATAL] Updater:351 - Updater called before beeing initialized
2025-05-14 09:34:12,071 [FATAL] Updater:351 - Updater called before beeing initialized
2025-05-14 09:34:12,072 [FATAL] Updater:351 - Updater called before beeing initialized
2025-05-14 09:34:12,072 [WARN] DetailPanel:346 - Failed to get advertising image, set to default
2025-05-14 09:34:12,072 [FATAL] Updater:351 - Updater called before beeing initialized
2025-05-14 09:34:12,117 [ERROR] Updater:1198 - MainUpdater not yet initialized. External WinMGr cannot be set.
2025-05-14 09:34:12,126 [INFO] Updater:1134 - Updater Version found : 6.13.0
2025-05-14 09:34:12,134 [INFO] ThirdPartyUpdaterWithRetryManager:70 - Updater plugin not ready yet. [2/15]
2025-05-14 09:34:12,142 [INFO] ApplicationProperties:184 - Using Application install path: C:\ST\STM32CubeIDE_1.17.0\STM32CubeIDE\plugins\com.st.stm32cube.common.mx_6.13.0.202411220809
2025-05-14 09:34:13,724 [ERROR] LogOutputStream:75 - [STDERR_REDIRECT] May 14, 2025 9:34:13 AM java.util.prefs.WindowsPreferences <init>
2025-05-14 09:34:13,725 [ERROR] LogOutputStream:75 - [STDERR_REDIRECT] WARNING: Could not open/create prefs root node Software\JavaSoft\Prefs at root 0xffffffff80000002. Windows RegCreateKeyEx(...) returned error code 5.
2025-05-14 09:34:13,725 [ERROR] LogOutputStream:75 - [STDERR_REDIRECT] 
2025-05-14 09:34:14,425 [INFO] MainUpdater:2872 - connection check result : 10
2025-05-14 09:34:14,425 [INFO] MainUpdater:289 - Updater Check For Update Now.
2025-05-14 09:34:14,426 [INFO] MicroXplorer:498 - Change Database Version : DB.6.0.130
2025-05-14 09:34:14,444 [INFO] McuFinderGlobals:63 - Set McuFinder mode to 2 (CubeIDE integrated)
2025-05-14 09:34:14,452 [INFO] UserAuth:486 - Internet connection configuration mode: 1
2025-05-14 09:34:14,486 [INFO] JxBrowserEngine:152 - Initiate JxBrowser Engine with user profile folder
2025-05-14 09:34:14,614 [INFO] CheckServerUpdateThread:120 - End of CheckServer Thread
2025-05-14 09:34:15,358 [INFO] WebApp:168 - Instantiating new browser for Auth
2025-05-14 09:34:15,363 [WARN] PackLoader:240 - Cannot read IP mode file for STMicroelectronics.FP-SNS-MOTENVWB1.1.4.0
2025-05-14 09:34:15,389 [WARN] PackLoader:240 - Cannot read IP mode file for STMicroelectronics.FP-ATR-ASTRA1.2.0.2
2025-05-14 09:34:15,407 [WARN] PackLoader:240 - Cannot read IP mode file for STMicroelectronics.FP-ATR-ASTRA1.2.0.1
2025-05-14 09:34:15,429 [WARN] PackLoader:240 - Cannot read IP mode file for STMicroelectronics.X-CUBE-SMBUS.2.1.0
2025-05-14 09:34:15,455 [WARN] PackLoader:240 - Cannot read IP mode file for STMicroelectronics.X-CUBE-WB05N.1.1.0
2025-05-14 09:34:15,508 [WARN] PackLoader:240 - Cannot read IP mode file for STMicroelectronics.X-CUBE-AZRTOS-F7.1.1.0
2025-05-14 09:34:15,533 [WARN] PackLoader:240 - Cannot read IP mode file for STMicroelectronics.FP-SNS-FLIGHT1.5.0.2
2025-05-14 09:34:15,576 [WARN] PackLoader:240 - Cannot read IP mode file for Infineon.AIROC-Wi-Fi-Bluetooth-STM32.1.7.0
2025-05-14 09:34:15,604 [WARN] PackLoader:240 - Cannot read IP mode file for STMicroelectronics.X-CUBE-DISPLAY.3.0.0
2025-05-14 09:34:15,624 [WARN] PackLoader:240 - Cannot read IP mode file for STMicroelectronics.X-CUBE-BLE1.7.0.0
2025-05-14 09:34:15,644 [WARN] PackLoader:240 - Cannot read IP mode file for STMicroelectronics.X-CUBE-NFC10.1.0.0
2025-05-14 09:34:15,666 [WARN] PackLoader:240 - Cannot read IP mode file for STMicroelectronics.X-CUBE-BLEMGR.4.0.0
2025-05-14 09:34:15,686 [WARN] PackLoader:240 - Cannot read IP mode file for emotas.I-CUBE-CANOPEN.1.3.0
2025-05-14 09:34:15,703 [WARN] PackLoader:240 - Cannot read IP mode file for STMicroelectronics.X-CUBE-AI.10.0.0
2025-05-14 09:34:15,718 [WARN] PackLoader:240 - Cannot read IP mode file for STMicroelectronics.FP-SNS-SMARTAG2.1.2.0
2025-05-14 09:34:15,737 [WARN] PackLoader:240 - Cannot read IP mode file for STMicroelectronics.FP-SNS-FLIGHT1.5.1.0
2025-05-14 09:34:15,798 [WARN] PackLoader:240 - Cannot read IP mode file for STMicroelectronics.X-CUBE-MEMS1.11.1.0
2025-05-14 09:34:15,974 [INFO] LogOutputStream:77 - [STDOUT_REDIRECT] 1 : Invalid condition id : UX_CORESTACK_Condition cause : null
2025-05-14 09:34:15,975 [INFO] LogOutputStream:77 - [STDOUT_REDIRECT] 1 : Invalid condition id : UX_CORESTACK_Condition cause : null
2025-05-14 09:34:15,975 [INFO] LogOutputStream:77 - [STDOUT_REDIRECT] 1 : Invalid condition id : UX_CORESTACK_Condition cause : null
2025-05-14 09:34:15,977 [INFO] LogOutputStream:77 - [STDOUT_REDIRECT] 1 : Invalid condition id : UX_CORESTACK_Condition cause : null
2025-05-14 09:34:15,978 [INFO] LogOutputStream:77 - [STDOUT_REDIRECT] 1 : Invalid condition id : UX_CORESTACK_Condition cause : null
2025-05-14 09:34:15,980 [WARN] PackLoader:240 - Cannot read IP mode file for STMicroelectronics.X-CUBE-AZRTOS-WL.2.0.0
2025-05-14 09:34:15,998 [WARN] PackLoader:240 - Cannot read IP mode file for STMicroelectronics.FP-SNS-MOTENV1.5.0.0
2025-05-14 09:34:16,021 [WARN] PackLoader:240 - Cannot read IP mode file for wolfSSL.I-CUBE-wolfMQTT.1.19.0
2025-05-14 09:34:16,040 [WARN] PackLoader:240 - Cannot read IP mode file for WES.I-CUBE-Cesium.1.3.0
2025-05-14 09:34:16,058 [WARN] PackLoader:240 - Cannot read IP mode file for STMicroelectronics.X-CUBE-BLE2.3.3.0
2025-05-14 09:34:16,073 [WARN] PackLoader:240 - Cannot read IP mode file for STMicroelectronics.X-CUBE-NFC9.1.0.0
2025-05-14 09:34:16,095 [WARN] PackLoader:240 - Cannot read IP mode file for STMicroelectronics.X-CUBE-BLE1.7.1.0
2025-05-14 09:34:16,157 [WARN] PackLoader:240 - Cannot read IP mode file for STMicroelectronics.X-CUBE-MEMS1.11.2.0
2025-05-14 09:34:16,208 [INFO] WebApp:449 - Apply proxy settings
2025-05-14 09:34:16,209 [INFO] WebApp:534 - Chromium requires no authentication
2025-05-14 09:34:16,224 [INFO] WebApp:477 - Direct internet connection detected
2025-05-14 09:34:16,265 [INFO] WebApp:880 - Register for checkConnection events
2025-05-14 09:34:16,265 [INFO] WebApp:449 - Apply proxy settings
2025-05-14 09:34:16,266 [INFO] WebApp:534 - Chromium requires no authentication
2025-05-14 09:34:16,268 [INFO] WebApp:477 - Direct internet connection detected
2025-05-14 09:34:16,312 [WARN] PackLoader:240 - Cannot read IP mode file for STMicroelectronics.X-CUBE-AZRTOS-G0.1.1.0
2025-05-14 09:34:16,332 [WARN] PackLoader:240 - Cannot read IP mode file for STMicroelectronics.X-CUBE-SAFEA1.1.2.2
2025-05-14 09:34:16,348 [WARN] PackLoader:240 - Cannot read IP mode file for STMicroelectronics.X-CUBE-NFC4.3.0.0
2025-05-14 09:34:16,372 [WARN] PackLoader:240 - Cannot read IP mode file for EmbeddedOffice.I-CUBE-FS-RTOS.1.0.1
2025-05-14 09:34:16,393 [WARN] PackLoader:240 - Cannot read IP mode file for STMicroelectronics.X-CUBE-WB05N.2.0.0
2025-05-14 09:34:16,409 [WARN] PackLoader:240 - Cannot read IP mode file for STMicroelectronics.X-CUBE-TCPP.4.2.0
2025-05-14 09:34:16,424 [WARN] PackLoader:240 - Cannot read IP mode file for RealThread.X-CUBE-RT-Thread_Nano.4.1.1
2025-05-14 09:34:16,440 [WARN] PackLoader:240 - Cannot read IP mode file for STMicroelectronics.FP-ATR-SIGFOX1.3.2.0
2025-05-14 09:34:16,455 [WARN] ConditionMgr:438 - getConditionDescription Invalid condition id : Cortex-A Device cause : null
2025-05-14 09:34:16,468 [INFO] WebApp:221 - Starting web application
2025-05-14 09:34:16,468 [INFO] WebApp:579 - Web application path used C:\ST\STM32CubeIDE_1.17.0\STM32CubeIDE\plugins\com.st.stm32cube.common.mx_6.13.0.202411220809\db\plugins\mcufinder\reactClient1\index.html
2025-05-14 09:34:16,477 [WARN] ConditionMgr:1044 - genDependencies : Invalid condition id : Cortex-A Device cause : null
2025-05-14 09:34:16,477 [WARN] ConditionMgr:1044 - genDependencies : Invalid condition id : Cortex-A Device cause : null
2025-05-14 09:34:16,477 [WARN] ConditionMgr:1044 - genDependencies : Invalid condition id : Cortex-A Device cause : null
2025-05-14 09:34:16,491 [WARN] PackLoader:240 - Cannot read IP mode file for STMicroelectronics.X-CUBE-EEPRMA1.5.1.0
2025-05-14 09:34:16,507 [WARN] PackLoader:240 - Cannot read IP mode file for wolfSSL.I-CUBE-wolfSSL.5.7.4
2025-05-14 09:34:16,524 [WARN] PackLoader:240 - Cannot read IP mode file for ITTIA_DB.I-CUBE-ITTIADB.8.9.0
2025-05-14 09:34:16,555 [WARN] PackLoader:240 - Cannot read IP mode file for SEGGER.I-CUBE-embOS.1.3.1
2025-05-14 09:34:16,586 [WARN] PackLoader:240 - Cannot read IP mode file for STMicroelectronics.X-CUBE-ALGOBUILD.1.4.0
2025-05-14 09:34:16,603 [WARN] PackLoader:240 - Cannot read IP mode file for STMicroelectronics.X-CUBE-AI.9.1.0
2025-05-14 09:34:16,611 [INFO] UserAuth:486 - Internet connection configuration mode: 1
2025-05-14 09:34:16,630 [WARN] PackLoader:240 - Cannot read IP mode file for STMicroelectronics.X-CUBE-AZRTOS-F4.1.1.0
2025-05-14 09:34:16,649 [WARN] PackLoader:240 - Cannot read IP mode file for Avnet-IotConnect.X-CUBE-IoTC-DA16k-PMOD.1.0.0
2025-05-14 09:34:16,668 [WARN] PackLoader:240 - Cannot read IP mode file for STMicroelectronics.X-CUBE-ISPU.2.1.0
2025-05-14 09:34:16,711 [WARN] PackLoader:240 - Cannot read IP mode file for STMicroelectronics.X-CUBE-AZRTOS-L5.2.0.0
2025-05-14 09:34:16,732 [WARN] PackLoader:240 - Cannot read IP mode file for STMicroelectronics.X-CUBE-NFC6.3.1.0
2025-05-14 09:34:16,750 [WARN] PackLoader:240 - Cannot read IP mode file for STMicroelectronics.X-CUBE-DPower.1.2.0
2025-05-14 09:34:16,769 [WARN] PackLoader:240 - Cannot read IP mode file for STMicroelectronics.X-CUBE-FREERTOS.1.3.1
2025-05-14 09:34:16,791 [WARN] PackLoader:240 - Cannot read IP mode file for STMicroelectronics.X-CUBE-FREERTOS.1.3.0
2025-05-14 09:34:16,806 [WARN] PackLoader:240 - Cannot read IP mode file for STMicroelectronics.X-CUBE-NFC7.1.0.1
2025-05-14 09:34:16,819 [WARN] PackLoader:240 - Cannot read IP mode file for STMicroelectronics.X-CUBE-DPower.1.3.0
2025-05-14 09:34:16,849 [WARN] ConditionMgr:438 - getConditionDescription Invalid condition id : LAN8742 Phy interface Condition cause : null
2025-05-14 09:34:16,849 [WARN] PackLoader:240 - Cannot read IP mode file for STMicroelectronics.X-CUBE-AZRTOS-L4.2.0.0
2025-05-14 09:34:16,850 [WARN] ConditionMgr:1044 - genDependencies : Invalid condition id : LAN8742 Phy interface Condition cause : null
2025-05-14 09:34:16,850 [WARN] ConditionMgr:1044 - genDependencies : Invalid condition id : LAN8742 Phy interface Condition cause : null
2025-05-14 09:34:16,850 [WARN] ConditionMgr:1044 - genDependencies : Invalid condition id : LAN8742 Phy interface Condition cause : null
2025-05-14 09:34:16,868 [WARN] PackLoader:240 - Cannot read IP mode file for STMicroelectronics.X-CUBE-SFXS2LP1.4.0.0
2025-05-14 09:34:16,904 [WARN] PackLoader:240 - Cannot read IP mode file for STMicroelectronics.X-CUBE-AZRTOS-H7.3.3.0
2025-05-14 09:34:16,925 [WARN] PackLoader:240 - Cannot read IP mode file for STMicroelectronics.X-CUBE-IPS.3.0.0
2025-05-14 09:34:16,957 [WARN] ConditionMgr:438 - getConditionDescription Invalid condition id : UX DEVICE CLASS RTOS Condition cause : null
2025-05-14 09:34:16,957 [WARN] ConditionMgr:438 - getConditionDescription Invalid condition id : UX DEVICE CLASS RTOS Condition cause : null
2025-05-14 09:34:16,958 [WARN] PackLoader:240 - Cannot read IP mode file for STMicroelectronics.X-CUBE-AZRTOS-WB.2.0.0
2025-05-14 09:34:16,958 [WARN] ConditionMgr:1044 - genDependencies : Invalid condition id : UX DEVICE CLASS RTOS Condition cause : null
2025-05-14 09:34:16,959 [WARN] ConditionMgr:1044 - genDependencies : Invalid condition id : UX DEVICE CLASS RTOS Condition cause : null
2025-05-14 09:34:16,959 [WARN] ConditionMgr:1044 - genDependencies : Invalid condition id : UX DEVICE CLASS RTOS Condition cause : null
2025-05-14 09:34:16,959 [WARN] ConditionMgr:1044 - genDependencies : Invalid condition id : UX DEVICE CLASS RTOS Condition cause : null
2025-05-14 09:34:16,959 [WARN] ConditionMgr:1044 - genDependencies : Invalid condition id : UX DEVICE CLASS RTOS Condition cause : null
2025-05-14 09:34:16,964 [INFO] WebApp:187 - Connection restablished
2025-05-14 09:34:16,975 [WARN] PackLoader:240 - Cannot read IP mode file for STMicroelectronics.X-CUBE-GNSS1.7.0.1
2025-05-14 09:34:16,993 [WARN] PackLoader:240 - Cannot read IP mode file for STMicroelectronics.X-CUBE-TOUCHGFX.4.25.0
2025-05-14 09:34:17,007 [WARN] PackLoader:240 - Cannot read IP mode file for STMicroelectronics.FP-SNS-STBOX1.2.0.0
2025-05-14 09:34:17,025 [WARN] PackLoader:240 - Cannot read IP mode file for STMicroelectronics.X-CUBE-SUBG2.5.0.0
2025-05-14 09:34:17,052 [WARN] PackLoader:240 - Cannot read IP mode file for STMicroelectronics.X-CUBE-AZRTOS-H7RS.1.1.0
2025-05-14 09:34:17,068 [WARN] PackLoader:240 - Cannot read IP mode file for Cesanta.I-CUBE-Mongoose.7.13.0
2025-05-14 09:34:17,088 [WARN] PackLoader:240 - Cannot read IP mode file for STMicroelectronics.X-CUBE-AZRTOS-G4.2.0.0
2025-05-14 09:34:17,103 [WARN] PackLoader:240 - Cannot read IP mode file for STMicroelectronics.X-CUBE-NFC7.2.0.0
2025-05-14 09:34:17,120 [WARN] PackLoader:240 - Cannot read IP mode file for STMicroelectronics.X-CUBE-IPS.3.1.0
2025-05-14 09:34:17,137 [WARN] PackLoader:240 - Cannot read IP mode file for STMicroelectronics.X-CUBE-ALS.1.0.2
2025-05-14 09:34:17,150 [WARN] PackLoader:240 - Cannot read IP mode file for STMicroelectronics.X-CUBE-TOUCHGFX.4.24.2
2025-05-14 09:34:17,165 [WARN] PackLoader:240 - Cannot read IP mode file for STMicroelectronics.X-CUBE-TOUCHGFX.4.24.1
2025-05-14 09:34:17,181 [WARN] PackLoader:240 - Cannot read IP mode file for wolfSSL.I-CUBE-wolfTPM.3.4.0
2025-05-14 09:34:17,201 [WARN] PackLoader:240 - Cannot read IP mode file for portGmbH.I-Cube-SoM-uGOAL.1.1.0
2025-05-14 09:34:17,227 [WARN] PackLoader:240 - Cannot read IP mode file for STMicroelectronics.X-CUBE-AZRTOS-H7RS.1.0.0
2025-05-14 09:34:17,247 [WARN] PackLoader:240 - Cannot read IP mode file for STMicroelectronics.X-CUBE-TOF1.3.4.2
2025-05-14 09:34:17,269 [WARN] PackLoader:240 - Cannot read IP mode file for STMicroelectronics.X-CUBE-TOF1.3.4.3
2025-05-14 09:34:17,289 [WARN] PackLoader:240 - Cannot read IP mode file for wolfSSL.I-CUBE-wolfSSH.1.4.17
2025-05-14 09:34:17,289 [INFO] ThirdParty:978 - Integrity check success = true
2025-05-14 09:34:17,289 [INFO] IntegrityCheckThread:100 - exiting critical section [integrity check]
2025-05-14 09:34:17,289 [INFO] IntegrityCheckThread:103 - End integrity checks thread
2025-05-14 12:24:30,254 [INFO] WebApp:190 - Connection lost
2025-05-14 12:24:30,610 [INFO] WebApp:187 - Connection restablished
2025-05-14 13:43:49,181 [INFO] WebApp:190 - Connection lost
2025-05-14 13:43:49,537 [INFO] WebApp:187 - Connection restablished
2025-05-14 13:43:57,280 [ERROR] LogOutputStream:75 - [STDERR_REDIRECT] 
