2025-05-15 15:54:55,897 [INFO] Activator:176 - 


2025-05-15 15:54:55,904 [INFO] Activator:177 - !SESSION log4j initialized
2025-05-15 15:55:01,867 [INFO] LogOutputStream:77 - [STDOUT_REDIRECT] 
2025-05-15 15:55:04,458 [INFO] ApplicationProperties:184 - Using Application install path: C:\ST\STM32CubeIDE_1.17.0\STM32CubeIDE\plugins\com.st.stm32cube.common.mx_6.13.0.202411220809
2025-05-15 15:55:04,473 [INFO] DbMcusXml:78 - Set database path to: C:\ST\STM32CubeIDE_1.17.0\STM32CubeIDE\plugins\com.st.stm32cube.common.mx_6.13.0.202411220809\\db\/mcu/
2025-05-15 15:55:04,473 [INFO] ApiDb:274 - Set plugin database path to: C:\ST\STM32CubeIDE_1.17.0\STM32CubeIDE\plugins\com.st.stm32cube.common.mx_6.13.0.202411220809\\db\/plugins/boardmanager/
2025-05-15 15:55:04,473 [WARN] ApiDb:259 - Overriding images path with different value:  => C:\ST\STM32CubeIDE_1.17.0\STM32CubeIDE\plugins\com.st.stm32cube.common.mx_6.13.0.202411220809\\db\/plugins/mcufinder/images/
2025-05-15 15:55:04,485 [INFO] ApiDb:250 - Set database path to: C:\Users\Mohamad\.stmcufinder\plugins\mcufinder//mcu/
2025-05-15 15:55:04,486 [INFO] DbMcusAds:125 - Set database path to: C:\Users\Mohamad\.stmcufinder\plugins\mcufinder//mcu/
2025-05-15 15:55:04,487 [INFO] CrossReferenceDbSqlite:203 - Set database path to: C:\Users\Mohamad\.stmcufinder\plugins\mcufinder//mcu/cs/
2025-05-15 15:55:04,576 [INFO] RulesReader:64 - Compatibility file has been processed (297 Rules)
2025-05-15 15:55:04,646 [INFO] DbMcusXml:78 - Set database path to: C:\ST\STM32CubeIDE_1.17.0\STM32CubeIDE\plugins\com.st.stm32cube.common.mx_6.13.0.202411220809\\db\/mcu/
2025-05-15 15:55:04,647 [INFO] ApiDb:274 - Set plugin database path to: C:\ST\STM32CubeIDE_1.17.0\STM32CubeIDE\plugins\com.st.stm32cube.common.mx_6.13.0.202411220809\\db\/plugins/boardmanager/
2025-05-15 15:55:04,647 [INFO] ApiDb:261 - Set plugin images path to: C:\ST\STM32CubeIDE_1.17.0\STM32CubeIDE\plugins\com.st.stm32cube.common.mx_6.13.0.202411220809\\db\/plugins/mcufinder/images/
2025-05-15 15:55:04,647 [WARN] DbFile:41 - Overriding database path with different value: C:\Users\Mohamad\.stmcufinder\plugins\mcufinder/ => C:\Users\Mohamad\.stmcufinder\plugins\mcufinder
2025-05-15 15:55:04,647 [INFO] ApiDb:250 - Set database path to: C:\Users\Mohamad\.stmcufinder\plugins\mcufinder//mcu/
2025-05-15 15:55:04,647 [WARN] DbFile:41 - Overriding database path with different value: C:\Users\Mohamad\.stmcufinder\plugins\mcufinder/ => C:\Users\Mohamad\.stmcufinder\plugins\mcufinder
2025-05-15 15:55:04,647 [INFO] DbMcusAds:125 - Set database path to: C:\Users\Mohamad\.stmcufinder\plugins\mcufinder//mcu/
2025-05-15 15:55:04,647 [WARN] DbFile:41 - Overriding database path with different value: C:\Users\Mohamad\.stmcufinder\plugins\mcufinder/ => C:\Users\Mohamad\.stmcufinder\plugins\mcufinder
2025-05-15 15:55:04,647 [WARN] DbFile:41 - Overriding database path with different value: C:\Users\Mohamad\.stmcufinder\plugins\mcufinder/ => C:\Users\Mohamad\.stmcufinder\plugins\mcufinder
2025-05-15 15:55:04,647 [INFO] CrossReferenceDbSqlite:203 - Set database path to: C:\Users\Mohamad\.stmcufinder\plugins\mcufinder//mcu/cs/
2025-05-15 15:55:04,708 [INFO] MainPanel:272 - HeapMemory: 268435456
2025-05-15 15:55:04,799 [INFO] DbMcusXml:78 - Set database path to: C:\ST\STM32CubeIDE_1.17.0\STM32CubeIDE\plugins\com.st.stm32cube.common.mx_6.13.0.202411220809\\db\/mcu/
2025-05-15 15:55:04,799 [INFO] ApiDb:274 - Set plugin database path to: C:\ST\STM32CubeIDE_1.17.0\STM32CubeIDE\plugins\com.st.stm32cube.common.mx_6.13.0.202411220809\\db\/plugins/boardmanager/
2025-05-15 15:55:04,799 [INFO] ApiDb:261 - Set plugin images path to: C:\ST\STM32CubeIDE_1.17.0\STM32CubeIDE\plugins\com.st.stm32cube.common.mx_6.13.0.202411220809\\db\/plugins/mcufinder/images/
2025-05-15 15:55:04,799 [WARN] DbFile:41 - Overriding database path with different value: C:\Users\Mohamad\.stmcufinder\plugins\mcufinder/ => C:\Users\Mohamad\.stmcufinder\plugins\mcufinder
2025-05-15 15:55:04,799 [INFO] ApiDb:250 - Set database path to: C:\Users\Mohamad\.stmcufinder\plugins\mcufinder//mcu/
2025-05-15 15:55:04,799 [WARN] DbFile:41 - Overriding database path with different value: C:\Users\Mohamad\.stmcufinder\plugins\mcufinder/ => C:\Users\Mohamad\.stmcufinder\plugins\mcufinder
2025-05-15 15:55:04,800 [INFO] DbMcusAds:125 - Set database path to: C:\Users\Mohamad\.stmcufinder\plugins\mcufinder//mcu/
2025-05-15 15:55:04,800 [WARN] DbFile:41 - Overriding database path with different value: C:\Users\Mohamad\.stmcufinder\plugins\mcufinder/ => C:\Users\Mohamad\.stmcufinder\plugins\mcufinder
2025-05-15 15:55:04,800 [WARN] DbFile:41 - Overriding database path with different value: C:\Users\Mohamad\.stmcufinder\plugins\mcufinder/ => C:\Users\Mohamad\.stmcufinder\plugins\mcufinder
2025-05-15 15:55:04,800 [INFO] CrossReferenceDbSqlite:203 - Set database path to: C:\Users\Mohamad\.stmcufinder\plugins\mcufinder//mcu/cs/
2025-05-15 15:55:04,814 [INFO] ApplicationProperties:184 - Using Application install path: C:\ST\STM32CubeIDE_1.17.0\STM32CubeIDE\plugins\com.st.stm32cube.common.mx_6.13.0.202411220809
2025-05-15 15:55:04,815 [INFO] PluginManage:196 - Search for loadable plugins [exclusion list=, ]
2025-05-15 15:55:04,816 [INFO] PluginManage:310 - Check plugin analytics
2025-05-15 15:55:04,927 [INFO] AnalyticsPlugin:253 - Accepted Software Licenses: STM32CubeMX.6.13.0
2025-05-15 15:55:04,927 [INFO] AnalyticsPlugin:255 - Accepted CMSIS Pack Licenses: 
2025-05-15 15:55:04,927 [INFO] AnalyticsPlugin:257 - Accepted Firmware Licenses: FW.F4.1.28.0,FW.H7.1.12.0,FW.F4.1.27.0
2025-05-15 15:55:04,929 [INFO] PluginManage:359 - Loaded plugin analytics (category:tool,tabindex:-1)
2025-05-15 15:55:04,929 [INFO] PluginManage:310 - Check plugin cadmodel
2025-05-15 15:55:04,949 [INFO] CADModel:105 - Init CAD model plugin
2025-05-15 15:55:04,949 [INFO] PluginManage:359 - Loaded plugin cadmodel (category:power,tabindex:5)
2025-05-15 15:55:04,949 [INFO] PluginManage:310 - Check plugin clock
2025-05-15 15:55:04,970 [INFO] PluginManage:359 - Loaded plugin clock (category:base,tabindex:2)
2025-05-15 15:55:04,970 [INFO] PluginManage:310 - Check plugin ddr
2025-05-15 15:55:04,972 [INFO] PluginManage:359 - Loaded plugin ddr (category:tool,tabindex:6)
2025-05-15 15:55:04,972 [INFO] PluginManage:310 - Check plugin filemanager
2025-05-15 15:55:05,097 [INFO] PluginManage:359 - Loaded plugin filemanager (category:base,tabindex:10)
2025-05-15 15:55:05,098 [INFO] PluginManage:310 - Check plugin ipmanager
2025-05-15 15:55:05,103 [INFO] PluginManage:359 - Loaded plugin ipmanager (category:base,tabindex:5)
2025-05-15 15:55:05,103 [INFO] PluginManage:310 - Check plugin lpbam
2025-05-15 15:55:05,122 [INFO] PluginManage:359 - Loaded plugin lpbam (category:base,tabindex:0)
2025-05-15 15:55:05,122 [INFO] PluginManage:310 - Check plugin memorymap
2025-05-15 15:55:05,149 [INFO] PluginManage:359 - Loaded plugin memorymap (category:base,tabindex:4)
2025-05-15 15:55:05,149 [INFO] PluginManage:310 - Check plugin pinoutandconfiguration
2025-05-15 15:55:05,167 [INFO] PluginManage:359 - Loaded plugin pinoutandconfiguration (category:base,tabindex:1)
2025-05-15 15:55:05,167 [INFO] PluginManage:310 - Check plugin pinoutconfig
2025-05-15 15:55:05,248 [WARN] SupportedApi:132 - Cannot load RTOS API schema: s4s-elt-must-match.1: The content of 'definitions' must match (annotation?, (simpleType | complexType)?, (unique | key | keyref)*)). A problem was found starting at: attribute.
2025-05-15 15:55:05,357 [INFO] PluginManage:359 - Loaded plugin pinoutconfig (category:base,tabindex:0)
2025-05-15 15:55:05,358 [INFO] PluginManage:310 - Check plugin power
2025-05-15 15:55:05,379 [INFO] PluginManage:359 - Loaded plugin power (category:power,tabindex:4)
2025-05-15 15:55:05,379 [INFO] PluginManage:310 - Check plugin projectmanager
2025-05-15 15:55:05,392 [INFO] PluginManage:359 - Loaded plugin projectmanager (category:projectmanager,tabindex:4)
2025-05-15 15:55:05,392 [INFO] PluginManage:310 - Check plugin rif
2025-05-15 15:55:05,412 [INFO] PluginManage:359 - Loaded plugin rif (category:base,tabindex:3)
2025-05-15 15:55:05,412 [INFO] PluginManage:310 - Check plugin thirdparty
2025-05-15 15:55:05,650 [WARN] IntegrityCheckThread:84 - waiting for thirdparty lock release [integrity check]
2025-05-15 15:55:05,650 [INFO] PluginManage:359 - Loaded plugin thirdparty (category:base,tabindex:-1)
2025-05-15 15:55:05,650 [INFO] IntegrityCheckThread:86 - entering critical section [integrity check]
2025-05-15 15:55:05,650 [INFO] PluginManage:310 - Check plugin tools
2025-05-15 15:55:05,651 [INFO] ThirdPartyUpdaterWithRetryManager:70 - Updater plugin not ready yet. [1/15]
2025-05-15 15:55:05,689 [INFO] PluginManage:359 - Loaded plugin tools (category:base,tabindex:7)
2025-05-15 15:55:05,690 [INFO] PluginManage:310 - Check plugin tutovideos
2025-05-15 15:55:05,852 [INFO] PluginManage:359 - Loaded plugin tutovideos (category:base,tabindex:-1)
2025-05-15 15:55:05,853 [INFO] PluginManage:310 - Check plugin updater
2025-05-15 15:55:05,870 [INFO] PluginManage:359 - Loaded plugin updater (category:base,tabindex:12)
2025-05-15 15:55:05,870 [INFO] PluginManage:310 - Check plugin userauth
2025-05-15 15:55:05,874 [INFO] UserAuth:118 - Init User Auth plugin
2025-05-15 15:55:05,874 [INFO] PluginManage:359 - Loaded plugin userauth (category:base,tabindex:14)
2025-05-15 15:55:05,875 [INFO] PluginManage:283 - PluginManage : Loaded plugins [18]
2025-05-15 15:55:06,054 [INFO] PinOutPanel:1589 - setPackage(No Configuration,No Configuration)
2025-05-15 15:55:06,121 [INFO] CADModel:165 - CPN selected for project level
2025-05-15 15:55:06,121 [INFO] CADModel:114 - Register for checkConnection events
2025-05-15 15:55:06,151 [INFO] IPUIPlugin:80 - create IPUIPlugin
2025-05-15 15:55:06,151 [INFO] PluginManager:220 - loadIPPluginJar : add adc
2025-05-15 15:55:06,193 [INFO] IPUIPlugin:80 - create IPUIPlugin
2025-05-15 15:55:06,193 [INFO] PluginManager:220 - loadIPPluginJar : add aes
2025-05-15 15:55:06,253 [INFO] IPUIPlugin:80 - create IPUIPlugin
2025-05-15 15:55:06,253 [INFO] PluginManager:220 - loadIPPluginJar : add can
2025-05-15 15:55:06,288 [INFO] IPUIPlugin:80 - create IPUIPlugin
2025-05-15 15:55:06,288 [INFO] PluginManager:220 - loadIPPluginJar : add comp
2025-05-15 15:55:06,334 [INFO] IPUIPlugin:80 - create IPUIPlugin
2025-05-15 15:55:06,334 [INFO] PluginManager:220 - loadIPPluginJar : add cryp
2025-05-15 15:55:06,349 [INFO] IPUIPlugin:80 - create IPUIPlugin
2025-05-15 15:55:06,350 [INFO] PluginManager:220 - loadIPPluginJar : add ddr_ctrl_phy
2025-05-15 15:55:06,388 [INFO] IPUIPlugin:80 - create IPUIPlugin
2025-05-15 15:55:06,388 [INFO] PluginManager:220 - loadIPPluginJar : add dfsdm
2025-05-15 15:55:06,406 [INFO] IPUIPlugin:80 - create IPUIPlugin
2025-05-15 15:55:06,406 [INFO] PluginManager:220 - loadIPPluginJar : add dma
2025-05-15 15:55:06,461 [INFO] IPUIPlugin:80 - create IPUIPlugin
2025-05-15 15:55:06,461 [INFO] PluginManager:220 - loadIPPluginJar : add dma3
2025-05-15 15:55:06,517 [INFO] IPUIPlugin:80 - create IPUIPlugin
2025-05-15 15:55:06,517 [INFO] PluginManager:220 - loadIPPluginJar : add extmemmanager
2025-05-15 15:55:06,542 [INFO] IPUIPlugin:80 - create IPUIPlugin
2025-05-15 15:55:06,542 [INFO] PluginManager:220 - loadIPPluginJar : add fatfs
2025-05-15 15:55:06,612 [INFO] IPUIPlugin:80 - create IPUIPlugin
2025-05-15 15:55:06,613 [INFO] PluginManager:220 - loadIPPluginJar : add fmc
2025-05-15 15:55:06,630 [INFO] IPUIPlugin:80 - create IPUIPlugin
2025-05-15 15:55:06,630 [INFO] PluginManager:220 - loadIPPluginJar : add freertos
2025-05-15 15:55:06,657 [INFO] IPUIPlugin:80 - create IPUIPlugin
2025-05-15 15:55:06,657 [INFO] PluginManager:220 - loadIPPluginJar : add genericplugin
2025-05-15 15:55:06,770 [INFO] IPUIPlugin:80 - create IPUIPlugin
2025-05-15 15:55:06,770 [INFO] PluginManager:220 - loadIPPluginJar : add gfxmmu
2025-05-15 15:55:06,919 [INFO] IPUIPlugin:80 - create IPUIPlugin
2025-05-15 15:55:06,919 [INFO] PluginManager:220 - loadIPPluginJar : add gic
2025-05-15 15:55:06,935 [INFO] IPUIPlugin:80 - create IPUIPlugin
2025-05-15 15:55:06,935 [INFO] PluginManager:220 - loadIPPluginJar : add gpio
2025-05-15 15:55:07,033 [INFO] IPUIPlugin:80 - create IPUIPlugin
2025-05-15 15:55:07,033 [INFO] PluginManager:220 - loadIPPluginJar : add gtzc
2025-05-15 15:55:07,070 [INFO] IPUIPlugin:80 - create IPUIPlugin
2025-05-15 15:55:07,070 [INFO] PluginManager:220 - loadIPPluginJar : add hash
2025-05-15 15:55:07,133 [INFO] IPUIPlugin:80 - create IPUIPlugin
2025-05-15 15:55:07,133 [INFO] PluginManager:220 - loadIPPluginJar : add i2c
2025-05-15 15:55:07,187 [INFO] IPUIPlugin:80 - create IPUIPlugin
2025-05-15 15:55:07,187 [INFO] PluginManager:220 - loadIPPluginJar : add i2s
2025-05-15 15:55:07,237 [INFO] IPUIPlugin:80 - create IPUIPlugin
2025-05-15 15:55:07,237 [INFO] PluginManager:220 - loadIPPluginJar : add i3c
2025-05-15 15:55:07,366 [INFO] IPUIPlugin:80 - create IPUIPlugin
2025-05-15 15:55:07,366 [INFO] PluginManager:220 - loadIPPluginJar : add ipddr
2025-05-15 15:55:07,463 [INFO] IPUIPlugin:80 - create IPUIPlugin
2025-05-15 15:55:07,464 [INFO] PluginManager:220 - loadIPPluginJar : add linkedlist
2025-05-15 15:55:07,502 [INFO] IPUIPlugin:80 - create IPUIPlugin
2025-05-15 15:55:07,502 [INFO] PluginManager:220 - loadIPPluginJar : add lorawan
2025-05-15 15:55:07,547 [INFO] IPUIPlugin:80 - create IPUIPlugin
2025-05-15 15:55:07,547 [INFO] PluginManager:220 - loadIPPluginJar : add ltdc
2025-05-15 15:55:07,564 [INFO] IPUIPlugin:80 - create IPUIPlugin
2025-05-15 15:55:07,564 [INFO] PluginManager:220 - loadIPPluginJar : add mdma
2025-05-15 15:55:07,581 [INFO] IPUIPlugin:80 - create IPUIPlugin
2025-05-15 15:55:07,581 [INFO] PluginManager:220 - loadIPPluginJar : add nvic
2025-05-15 15:55:07,628 [INFO] IPUIPlugin:80 - create IPUIPlugin
2025-05-15 15:55:07,628 [INFO] PluginManager:220 - loadIPPluginJar : add opamp
2025-05-15 15:55:07,704 [INFO] IPUIPlugin:80 - create IPUIPlugin
2025-05-15 15:55:07,705 [INFO] PluginManager:220 - loadIPPluginJar : add openamp
2025-05-15 15:55:07,763 [INFO] IPUIPlugin:80 - create IPUIPlugin
2025-05-15 15:55:07,763 [INFO] PluginManager:220 - loadIPPluginJar : add pdm2pcm
2025-05-15 15:55:07,778 [INFO] IPUIPlugin:80 - create IPUIPlugin
2025-05-15 15:55:07,780 [INFO] PluginManager:220 - loadIPPluginJar : add plateformsettings
2025-05-15 15:55:07,815 [INFO] IPUIPlugin:80 - create IPUIPlugin
2025-05-15 15:55:07,816 [INFO] PluginManager:220 - loadIPPluginJar : add quadspi
2025-05-15 15:55:07,849 [INFO] IPUIPlugin:80 - create IPUIPlugin
2025-05-15 15:55:07,850 [INFO] PluginManager:220 - loadIPPluginJar : add radio
2025-05-15 15:55:07,868 [INFO] IPUIPlugin:80 - create IPUIPlugin
2025-05-15 15:55:07,868 [INFO] PluginManager:220 - loadIPPluginJar : add resmgrutility
2025-05-15 15:55:07,924 [INFO] IPUIPlugin:80 - create IPUIPlugin
2025-05-15 15:55:07,924 [INFO] PluginManager:220 - loadIPPluginJar : add sai
2025-05-15 15:55:07,967 [INFO] IPUIPlugin:80 - create IPUIPlugin
2025-05-15 15:55:07,967 [INFO] PluginManager:220 - loadIPPluginJar : add spi
2025-05-15 15:55:08,042 [INFO] IPUIPlugin:80 - create IPUIPlugin
2025-05-15 15:55:08,042 [INFO] PluginManager:220 - loadIPPluginJar : add stm32_wpan
2025-05-15 15:55:08,073 [INFO] IPUIPlugin:80 - create IPUIPlugin
2025-05-15 15:55:08,073 [INFO] PluginManager:220 - loadIPPluginJar : add tim
2025-05-15 15:55:08,149 [INFO] IPUIPlugin:80 - create IPUIPlugin
2025-05-15 15:55:08,149 [INFO] PluginManager:220 - loadIPPluginJar : add touchsensing
2025-05-15 15:55:08,174 [INFO] IPUIPlugin:80 - create IPUIPlugin
2025-05-15 15:55:08,174 [INFO] PluginManager:220 - loadIPPluginJar : add tracer_emb
2025-05-15 15:55:08,205 [INFO] IPUIPlugin:80 - create IPUIPlugin
2025-05-15 15:55:08,205 [INFO] PluginManager:220 - loadIPPluginJar : add ts
2025-05-15 15:55:08,240 [INFO] IPUIPlugin:80 - create IPUIPlugin
2025-05-15 15:55:08,240 [INFO] PluginManager:220 - loadIPPluginJar : add tsc
2025-05-15 15:55:08,265 [INFO] IPUIPlugin:80 - create IPUIPlugin
2025-05-15 15:55:08,265 [INFO] PluginManager:220 - loadIPPluginJar : add ucpd
2025-05-15 15:55:08,310 [INFO] IPUIPlugin:80 - create IPUIPlugin
2025-05-15 15:55:08,310 [INFO] PluginManager:220 - loadIPPluginJar : add usart
2025-05-15 15:55:08,354 [INFO] IPUIPlugin:80 - create IPUIPlugin
2025-05-15 15:55:08,354 [INFO] PluginManager:220 - loadIPPluginJar : add usbx
2025-05-15 15:55:08,462 [FATAL] Updater:351 - Updater called before beeing initialized
2025-05-15 15:55:08,479 [INFO] RulesReader:64 - Compatibility file has been processed (297 Rules)
2025-05-15 15:55:08,486 [INFO] RulesReader:64 - Compatibility file has been processed (297 Rules)
2025-05-15 15:55:08,491 [INFO] CADModel:165 - CPN selected for project level
2025-05-15 15:55:08,491 [INFO] CADModel:114 - Register for checkConnection events
2025-05-15 15:55:08,491 [FATAL] Updater:351 - Updater called before beeing initialized
2025-05-15 15:55:08,491 [ERROR] CADModel:125 - Updater not yet initialized, retry later 
2025-05-15 15:55:08,600 [FATAL] Updater:351 - Updater called before beeing initialized
2025-05-15 15:55:08,602 [INFO] CADModel:165 - CPN selected for project level
2025-05-15 15:55:08,602 [INFO] CADModel:114 - Register for checkConnection events
2025-05-15 15:55:08,602 [FATAL] Updater:351 - Updater called before beeing initialized
2025-05-15 15:55:08,602 [ERROR] CADModel:125 - Updater not yet initialized, retry later 
2025-05-15 15:55:08,604 [FATAL] Updater:351 - Updater called before beeing initialized
2025-05-15 15:55:08,651 [INFO] ThirdPartyUpdaterWithRetryManager:70 - Updater plugin not ready yet. [2/15]
2025-05-15 15:55:08,669 [FATAL] Updater:351 - Updater called before beeing initialized
2025-05-15 15:55:08,680 [INFO] DbMcusAds:53 - JSON generation date=Wed May 07 13:07:55 GST 2025 (1746608875513)
2025-05-15 15:55:08,681 [FATAL] Updater:351 - Updater called before beeing initialized
2025-05-15 15:55:08,711 [WARN] DetailPanel:346 - Failed to get advertising image, set to default
2025-05-15 15:55:08,880 [FATAL] Updater:351 - Updater called before beeing initialized
2025-05-15 15:55:08,882 [FATAL] Updater:351 - Updater called before beeing initialized
2025-05-15 15:55:08,882 [FATAL] Updater:351 - Updater called before beeing initialized
2025-05-15 15:55:08,882 [WARN] DetailPanel:346 - Failed to get advertising image, set to default
2025-05-15 15:55:08,883 [FATAL] Updater:351 - Updater called before beeing initialized
2025-05-15 15:55:08,928 [ERROR] Updater:1198 - MainUpdater not yet initialized. External WinMGr cannot be set.
2025-05-15 15:55:08,937 [INFO] Updater:1134 - Updater Version found : 6.13.0
2025-05-15 15:55:08,953 [INFO] ApplicationProperties:184 - Using Application install path: C:\ST\STM32CubeIDE_1.17.0\STM32CubeIDE\plugins\com.st.stm32cube.common.mx_6.13.0.202411220809
2025-05-15 15:55:10,530 [ERROR] LogOutputStream:75 - [STDERR_REDIRECT] May 15, 2025 3:55:10 PM java.util.prefs.WindowsPreferences <init>
2025-05-15 15:55:10,531 [ERROR] LogOutputStream:75 - [STDERR_REDIRECT] WARNING: Could not open/create prefs root node Software\JavaSoft\Prefs at root 0xffffffff80000002. Windows RegCreateKeyEx(...) returned error code 5.
2025-05-15 15:55:10,531 [ERROR] LogOutputStream:75 - [STDERR_REDIRECT] 
2025-05-15 15:55:11,408 [INFO] MainUpdater:2872 - connection check result : 10
2025-05-15 15:55:11,409 [INFO] MainUpdater:3566 - Updater definition file requires update
2025-05-15 15:55:11,409 [INFO] MainUpdater:289 - Updater Check For Update Now.
2025-05-15 15:55:11,409 [INFO] MicroXplorer:498 - Change Database Version : DB.6.0.130
2025-05-15 15:55:11,429 [INFO] McuFinderGlobals:63 - Set McuFinder mode to 2 (CubeIDE integrated)
2025-05-15 15:55:11,436 [INFO] UserAuth:486 - Internet connection configuration mode: 1
2025-05-15 15:55:11,463 [INFO] JxBrowserEngine:152 - Initiate JxBrowser Engine with user profile folder
2025-05-15 15:55:11,652 [WARN] MainUpdater:1193 - Updater busy. Cannot search thirdparties
2025-05-15 15:55:11,652 [INFO] ThirdPartyUpdaterWithRetryManager:96 - Updater plugin is busy. [1/15]
2025-05-15 15:55:11,799 [INFO] ServerAccessManage:473 - Download File updaters.zip
2025-05-15 15:55:12,441 [INFO] WebApp:168 - Instantiating new browser for Auth
2025-05-15 15:55:12,753 [INFO] FileExtend:240 - Unzip File : updaters.zip
2025-05-15 15:55:12,754 [INFO] FileExtend:255 - Standard Zip Deflate
2025-05-15 15:55:13,712 [INFO] WebApp:449 - Apply proxy settings
2025-05-15 15:55:13,712 [INFO] WebApp:534 - Chromium requires no authentication
2025-05-15 15:55:13,721 [INFO] WebApp:477 - Direct internet connection detected
2025-05-15 15:55:13,755 [INFO] WebApp:880 - Register for checkConnection events
2025-05-15 15:55:13,755 [INFO] WebApp:449 - Apply proxy settings
2025-05-15 15:55:13,755 [INFO] WebApp:534 - Chromium requires no authentication
2025-05-15 15:55:13,756 [INFO] WebApp:477 - Direct internet connection detected
2025-05-15 15:55:13,847 [INFO] ServerAccessManage:473 - Download File PacksControlFlags.xml
2025-05-15 15:55:14,000 [INFO] WebApp:221 - Starting web application
2025-05-15 15:55:14,000 [INFO] WebApp:579 - Web application path used C:\ST\STM32CubeIDE_1.17.0\STM32CubeIDE\plugins\com.st.stm32cube.common.mx_6.13.0.202411220809\db\plugins\mcufinder\reactClient1\index.html
2025-05-15 15:55:14,142 [INFO] UserAuth:486 - Internet connection configuration mode: 1
2025-05-15 15:55:14,174 [INFO] ServerAccessManage:473 - Download File cubemx.pidx
2025-05-15 15:55:14,303 [INFO] LoadServerUpdatesThread:375 - End of LoadServerUpdate Thread
2025-05-15 15:55:14,368 [INFO] WebApp:187 - Connection restablished
2025-05-15 15:55:14,484 [INFO] CheckServerUpdateThread:120 - End of CheckServer Thread
2025-05-15 15:55:14,853 [WARN] PackLoader:240 - Cannot read IP mode file for STMicroelectronics.FP-SNS-MOTENVWB1.1.4.0
2025-05-15 15:55:14,874 [WARN] PackLoader:240 - Cannot read IP mode file for STMicroelectronics.FP-ATR-ASTRA1.2.0.2
2025-05-15 15:55:14,895 [WARN] PackLoader:240 - Cannot read IP mode file for STMicroelectronics.FP-ATR-ASTRA1.2.0.1
2025-05-15 15:55:14,917 [WARN] PackLoader:240 - Cannot read IP mode file for STMicroelectronics.X-CUBE-SMBUS.2.1.0
2025-05-15 15:55:14,945 [WARN] PackLoader:240 - Cannot read IP mode file for STMicroelectronics.X-CUBE-WB05N.1.1.0
2025-05-15 15:55:15,003 [WARN] PackLoader:240 - Cannot read IP mode file for STMicroelectronics.X-CUBE-AZRTOS-F7.1.1.0
2025-05-15 15:55:15,030 [WARN] PackLoader:240 - Cannot read IP mode file for STMicroelectronics.FP-SNS-FLIGHT1.5.0.2
2025-05-15 15:55:15,069 [WARN] PackLoader:240 - Cannot read IP mode file for Infineon.AIROC-Wi-Fi-Bluetooth-STM32.1.7.0
2025-05-15 15:55:15,103 [WARN] PackLoader:240 - Cannot read IP mode file for STMicroelectronics.X-CUBE-DISPLAY.3.0.0
2025-05-15 15:55:15,127 [WARN] PackLoader:240 - Cannot read IP mode file for STMicroelectronics.X-CUBE-BLE1.7.0.0
2025-05-15 15:55:15,151 [WARN] PackLoader:240 - Cannot read IP mode file for STMicroelectronics.X-CUBE-NFC10.1.0.0
2025-05-15 15:55:15,181 [WARN] PackLoader:240 - Cannot read IP mode file for STMicroelectronics.X-CUBE-BLEMGR.4.0.0
2025-05-15 15:55:15,205 [WARN] PackLoader:240 - Cannot read IP mode file for emotas.I-CUBE-CANOPEN.1.3.0
2025-05-15 15:55:15,229 [WARN] PackLoader:240 - Cannot read IP mode file for STMicroelectronics.X-CUBE-AI.10.0.0
2025-05-15 15:55:15,252 [WARN] PackLoader:240 - Cannot read IP mode file for STMicroelectronics.FP-SNS-SMARTAG2.1.2.0
2025-05-15 15:55:15,272 [WARN] PackLoader:240 - Cannot read IP mode file for STMicroelectronics.FP-SNS-FLIGHT1.5.1.0
2025-05-15 15:55:15,339 [WARN] PackLoader:240 - Cannot read IP mode file for STMicroelectronics.X-CUBE-MEMS1.11.1.0
2025-05-15 15:55:15,486 [INFO] LogOutputStream:77 - [STDOUT_REDIRECT] 1 : Invalid condition id : UX_CORESTACK_Condition cause : null
2025-05-15 15:55:15,487 [INFO] LogOutputStream:77 - [STDOUT_REDIRECT] 1 : Invalid condition id : UX_CORESTACK_Condition cause : null
2025-05-15 15:55:15,489 [INFO] LogOutputStream:77 - [STDOUT_REDIRECT] 1 : Invalid condition id : UX_CORESTACK_Condition cause : null
2025-05-15 15:55:15,490 [INFO] LogOutputStream:77 - [STDOUT_REDIRECT] 1 : Invalid condition id : UX_CORESTACK_Condition cause : null
2025-05-15 15:55:15,490 [INFO] LogOutputStream:77 - [STDOUT_REDIRECT] 1 : Invalid condition id : UX_CORESTACK_Condition cause : null
2025-05-15 15:55:15,492 [WARN] PackLoader:240 - Cannot read IP mode file for STMicroelectronics.X-CUBE-AZRTOS-WL.2.0.0
2025-05-15 15:55:15,515 [WARN] PackLoader:240 - Cannot read IP mode file for STMicroelectronics.FP-SNS-MOTENV1.5.0.0
2025-05-15 15:55:15,533 [WARN] PackLoader:240 - Cannot read IP mode file for wolfSSL.I-CUBE-wolfMQTT.1.19.0
2025-05-15 15:55:15,552 [WARN] PackLoader:240 - Cannot read IP mode file for WES.I-CUBE-Cesium.1.3.0
2025-05-15 15:55:15,576 [WARN] PackLoader:240 - Cannot read IP mode file for STMicroelectronics.X-CUBE-BLE2.3.3.0
2025-05-15 15:55:15,599 [WARN] PackLoader:240 - Cannot read IP mode file for STMicroelectronics.X-CUBE-NFC9.1.0.0
2025-05-15 15:55:15,614 [WARN] PackLoader:240 - Cannot read IP mode file for STMicroelectronics.X-CUBE-BLE1.7.1.0
2025-05-15 15:55:15,664 [WARN] PackLoader:240 - Cannot read IP mode file for STMicroelectronics.X-CUBE-MEMS1.11.2.0
2025-05-15 15:55:15,828 [WARN] PackLoader:240 - Cannot read IP mode file for STMicroelectronics.X-CUBE-AZRTOS-G0.1.1.0
2025-05-15 15:55:15,849 [WARN] PackLoader:240 - Cannot read IP mode file for STMicroelectronics.X-CUBE-SAFEA1.1.2.2
2025-05-15 15:55:15,870 [WARN] PackLoader:240 - Cannot read IP mode file for STMicroelectronics.X-CUBE-NFC4.3.0.0
2025-05-15 15:55:15,893 [WARN] PackLoader:240 - Cannot read IP mode file for EmbeddedOffice.I-CUBE-FS-RTOS.1.0.1
2025-05-15 15:55:15,911 [WARN] PackLoader:240 - Cannot read IP mode file for STMicroelectronics.X-CUBE-WB05N.2.0.0
2025-05-15 15:55:15,933 [WARN] PackLoader:240 - Cannot read IP mode file for STMicroelectronics.X-CUBE-TCPP.4.2.0
2025-05-15 15:55:15,952 [WARN] PackLoader:240 - Cannot read IP mode file for RealThread.X-CUBE-RT-Thread_Nano.4.1.1
2025-05-15 15:55:15,971 [WARN] PackLoader:240 - Cannot read IP mode file for STMicroelectronics.FP-ATR-SIGFOX1.3.2.0
2025-05-15 15:55:15,986 [WARN] ConditionMgr:438 - getConditionDescription Invalid condition id : Cortex-A Device cause : null
2025-05-15 15:55:16,014 [WARN] ConditionMgr:1044 - genDependencies : Invalid condition id : Cortex-A Device cause : null
2025-05-15 15:55:16,014 [WARN] ConditionMgr:1044 - genDependencies : Invalid condition id : Cortex-A Device cause : null
2025-05-15 15:55:16,014 [WARN] ConditionMgr:1044 - genDependencies : Invalid condition id : Cortex-A Device cause : null
2025-05-15 15:55:16,036 [WARN] PackLoader:240 - Cannot read IP mode file for STMicroelectronics.X-CUBE-EEPRMA1.5.1.0
2025-05-15 15:55:16,055 [WARN] PackLoader:240 - Cannot read IP mode file for wolfSSL.I-CUBE-wolfSSL.5.7.4
2025-05-15 15:55:16,077 [WARN] PackLoader:240 - Cannot read IP mode file for ITTIA_DB.I-CUBE-ITTIADB.8.9.0
2025-05-15 15:55:16,125 [WARN] PackLoader:240 - Cannot read IP mode file for SEGGER.I-CUBE-embOS.1.3.1
2025-05-15 15:55:16,201 [WARN] PackLoader:240 - Cannot read IP mode file for STMicroelectronics.X-CUBE-ALGOBUILD.1.4.0
2025-05-15 15:55:16,228 [WARN] PackLoader:240 - Cannot read IP mode file for STMicroelectronics.X-CUBE-AI.9.1.0
2025-05-15 15:55:16,262 [WARN] PackLoader:240 - Cannot read IP mode file for STMicroelectronics.X-CUBE-AZRTOS-F4.1.1.0
2025-05-15 15:55:16,283 [WARN] PackLoader:240 - Cannot read IP mode file for Avnet-IotConnect.X-CUBE-IoTC-DA16k-PMOD.1.0.0
2025-05-15 15:55:16,307 [WARN] PackLoader:240 - Cannot read IP mode file for STMicroelectronics.X-CUBE-ISPU.2.1.0
2025-05-15 15:55:16,349 [WARN] PackLoader:240 - Cannot read IP mode file for STMicroelectronics.X-CUBE-AZRTOS-L5.2.0.0
2025-05-15 15:55:16,373 [WARN] PackLoader:240 - Cannot read IP mode file for STMicroelectronics.X-CUBE-NFC6.3.1.0
2025-05-15 15:55:16,390 [WARN] PackLoader:240 - Cannot read IP mode file for STMicroelectronics.X-CUBE-DPower.1.2.0
2025-05-15 15:55:16,407 [WARN] PackLoader:240 - Cannot read IP mode file for STMicroelectronics.X-CUBE-FREERTOS.1.3.1
2025-05-15 15:55:16,422 [WARN] PackLoader:240 - Cannot read IP mode file for STMicroelectronics.X-CUBE-FREERTOS.1.3.0
2025-05-15 15:55:16,439 [WARN] PackLoader:240 - Cannot read IP mode file for STMicroelectronics.X-CUBE-NFC7.1.0.1
2025-05-15 15:55:16,455 [WARN] PackLoader:240 - Cannot read IP mode file for STMicroelectronics.X-CUBE-DPower.1.3.0
2025-05-15 15:55:16,487 [WARN] ConditionMgr:438 - getConditionDescription Invalid condition id : LAN8742 Phy interface Condition cause : null
2025-05-15 15:55:16,488 [WARN] PackLoader:240 - Cannot read IP mode file for STMicroelectronics.X-CUBE-AZRTOS-L4.2.0.0
2025-05-15 15:55:16,489 [WARN] ConditionMgr:1044 - genDependencies : Invalid condition id : LAN8742 Phy interface Condition cause : null
2025-05-15 15:55:16,489 [WARN] ConditionMgr:1044 - genDependencies : Invalid condition id : LAN8742 Phy interface Condition cause : null
2025-05-15 15:55:16,490 [WARN] ConditionMgr:1044 - genDependencies : Invalid condition id : LAN8742 Phy interface Condition cause : null
2025-05-15 15:55:16,513 [WARN] PackLoader:240 - Cannot read IP mode file for STMicroelectronics.X-CUBE-SFXS2LP1.4.0.0
2025-05-15 15:55:16,543 [WARN] PackLoader:240 - Cannot read IP mode file for STMicroelectronics.X-CUBE-AZRTOS-H7.3.3.0
2025-05-15 15:55:16,566 [WARN] PackLoader:240 - Cannot read IP mode file for STMicroelectronics.X-CUBE-IPS.3.0.0
2025-05-15 15:55:16,596 [WARN] ConditionMgr:438 - getConditionDescription Invalid condition id : UX DEVICE CLASS RTOS Condition cause : null
2025-05-15 15:55:16,596 [WARN] ConditionMgr:438 - getConditionDescription Invalid condition id : UX DEVICE CLASS RTOS Condition cause : null
2025-05-15 15:55:16,598 [WARN] PackLoader:240 - Cannot read IP mode file for STMicroelectronics.X-CUBE-AZRTOS-WB.2.0.0
2025-05-15 15:55:16,599 [WARN] ConditionMgr:1044 - genDependencies : Invalid condition id : UX DEVICE CLASS RTOS Condition cause : null
2025-05-15 15:55:16,599 [WARN] ConditionMgr:1044 - genDependencies : Invalid condition id : UX DEVICE CLASS RTOS Condition cause : null
2025-05-15 15:55:16,599 [WARN] ConditionMgr:1044 - genDependencies : Invalid condition id : UX DEVICE CLASS RTOS Condition cause : null
2025-05-15 15:55:16,599 [WARN] ConditionMgr:1044 - genDependencies : Invalid condition id : UX DEVICE CLASS RTOS Condition cause : null
2025-05-15 15:55:16,599 [WARN] ConditionMgr:1044 - genDependencies : Invalid condition id : UX DEVICE CLASS RTOS Condition cause : null
2025-05-15 15:55:16,617 [WARN] PackLoader:240 - Cannot read IP mode file for STMicroelectronics.X-CUBE-GNSS1.7.0.1
2025-05-15 15:55:16,636 [WARN] PackLoader:240 - Cannot read IP mode file for STMicroelectronics.X-CUBE-TOUCHGFX.4.25.0
2025-05-15 15:55:16,653 [WARN] PackLoader:240 - Cannot read IP mode file for STMicroelectronics.FP-SNS-STBOX1.2.0.0
2025-05-15 15:55:16,678 [WARN] PackLoader:240 - Cannot read IP mode file for STMicroelectronics.X-CUBE-SUBG2.5.0.0
2025-05-15 15:55:16,714 [WARN] PackLoader:240 - Cannot read IP mode file for STMicroelectronics.X-CUBE-AZRTOS-H7RS.1.1.0
2025-05-15 15:55:16,738 [WARN] PackLoader:240 - Cannot read IP mode file for Cesanta.I-CUBE-Mongoose.7.13.0
2025-05-15 15:55:16,773 [WARN] PackLoader:240 - Cannot read IP mode file for STMicroelectronics.X-CUBE-AZRTOS-G4.2.0.0
2025-05-15 15:55:16,796 [WARN] PackLoader:240 - Cannot read IP mode file for STMicroelectronics.X-CUBE-NFC7.2.0.0
2025-05-15 15:55:16,822 [WARN] PackLoader:240 - Cannot read IP mode file for STMicroelectronics.X-CUBE-IPS.3.1.0
2025-05-15 15:55:16,845 [WARN] PackLoader:240 - Cannot read IP mode file for STMicroelectronics.X-CUBE-ALS.1.0.2
2025-05-15 15:55:16,874 [WARN] PackLoader:240 - Cannot read IP mode file for STMicroelectronics.X-CUBE-TOUCHGFX.4.24.2
2025-05-15 15:55:16,897 [WARN] PackLoader:240 - Cannot read IP mode file for STMicroelectronics.X-CUBE-TOUCHGFX.4.24.1
2025-05-15 15:55:16,916 [WARN] PackLoader:240 - Cannot read IP mode file for wolfSSL.I-CUBE-wolfTPM.3.4.0
2025-05-15 15:55:16,941 [WARN] PackLoader:240 - Cannot read IP mode file for portGmbH.I-Cube-SoM-uGOAL.1.1.0
2025-05-15 15:55:16,984 [WARN] PackLoader:240 - Cannot read IP mode file for STMicroelectronics.X-CUBE-AZRTOS-H7RS.1.0.0
2025-05-15 15:55:17,014 [WARN] PackLoader:240 - Cannot read IP mode file for STMicroelectronics.X-CUBE-TOF1.3.4.2
2025-05-15 15:55:17,047 [WARN] PackLoader:240 - Cannot read IP mode file for STMicroelectronics.X-CUBE-TOF1.3.4.3
2025-05-15 15:55:17,073 [WARN] PackLoader:240 - Cannot read IP mode file for wolfSSL.I-CUBE-wolfSSH.1.4.17
2025-05-15 15:55:17,074 [INFO] ThirdParty:978 - Integrity check success = true
2025-05-15 15:55:17,074 [INFO] IntegrityCheckThread:100 - exiting critical section [integrity check]
2025-05-15 15:55:17,074 [INFO] IntegrityCheckThread:103 - End integrity checks thread
2025-05-15 16:35:01,462 [INFO] WebApp:190 - Connection lost
2025-05-15 16:35:01,862 [INFO] WebApp:187 - Connection restablished
2025-05-15 16:59:48,859 [INFO] WebApp:190 - Connection lost
2025-05-15 16:59:49,266 [INFO] WebApp:187 - Connection restablished
2025-05-15 17:00:06,703 [ERROR] LogOutputStream:75 - [STDERR_REDIRECT] 
